📝 Log file: DA\tasks\Sentiment\P3_run_latest.log
🕒 Started: 2026-04-08T23:23:33 | Script: analysis_Sentiment_Classification.py

================================================================================
🚀 P3 - Sentiment Classification — Time-based holdout 80/20 | NO TF-IDF/lyric
================================================================================
   • Data: final_data/data_prepared_for_ML.csv
   • Target: final_sentiment (3 labels)
⏳ Đang tải dữ liệu từ final_data/data_prepared_for_ML.csv...
✅ Đã tải thành công: 7665 dòng dữ liệu.

============================================================
🔍 KIỂM TRA CHI TIẾT CÁC BIẾN ĐẦU VÀO (TASK 3 - SENTIMENT)
============================================================
1️⃣ Số lượng biến số (Continuous - sẽ Scale): 60
['duration_sec' 'tempo_bpm' 'rms_energy' 'spectral_centroid_mean'
 'mfcc10_mean' 'mfcc10_std' 'mfcc11_mean' 'mfcc11_std' 'mfcc12_mean'
 'mfcc12_std' 'mfcc13_mean' 'mfcc13_std' 'mfcc1_mean' 'mfcc1_std'
 'mfcc2_std' 'mfcc3_mean' 'mfcc3_std' 'mfcc4_mean' 'mfcc4_std'
 'mfcc5_mean' 'mfcc5_std' 'mfcc6_mean' 'mfcc6_std' 'mfcc7_mean'
 'mfcc7_std' 'mfcc8_mean' 'mfcc8_std' 'mfcc9_mean' 'mfcc9_std'
 'zero_crossing_rate' 'spectral_contrast_band1_mean'
 'spectral_contrast_band2_mean' 'spectral_contrast_band6_mean'
 'spectral_contrast_band7_mean' 'spectral_flatness_mean'
 'beat_strength_mean' 'onset_rate' 'chroma1_mean' 'chroma2_mean'
 'chroma3_mean' 'chroma4_mean' 'chroma5_mean' 'chroma6_mean'
 'chroma7_mean' 'chroma8_mean' 'chroma9_mean' 'chroma10_mean'
 'chroma11_mean' 'chroma12_mean' 'tonnetz1_mean' 'tonnetz2_mean'
 'tonnetz3_mean' 'tonnetz4_mean' 'tonnetz5_mean' 'tonnetz6_mean'
 'harmonic_percussive_ratio' 'lyric_total_words' 'lexical_diversity'
 'adj_count' 'lyrical_density']
------------------------------------------------------------
1️⃣b Số lượng biến nhị phân (0/1 - KHÔNG Scale): 28
['key_A#:maj' 'key_A#:min' 'key_A:maj' 'key_A:min' 'key_B:maj' 'key_B:min'
 'key_C#:maj' 'key_C#:min' 'key_C:maj' 'key_C:min' 'key_D#:maj'
 'key_D#:min' 'key_D:maj' 'key_D:min' 'key_E:maj' 'key_E:min' 'key_F#:maj'
 'key_F#:min' 'key_F:maj' 'key_F:min' 'key_G#:maj' 'key_G#:min'
 'key_G:maj' 'key_G:min' 'genre_Ballad' 'genre_Indie' 'genre_Pop'
 'genre_Rap/Hip-hop']
------------------------------------------------------------
1️⃣c Số lượng biến topic_prob (Passthrough): 15
['topic_prob_0' 'topic_prob_1' 'topic_prob_10' 'topic_prob_11'
 'topic_prob_12' 'topic_prob_13' 'topic_prob_14' 'topic_prob_2'
 'topic_prob_3' 'topic_prob_4' 'topic_prob_5' 'topic_prob_6'
 'topic_prob_7' 'topic_prob_8' 'topic_prob_9']
------------------------------------------------------------
1️⃣d Tổng số biến số dùng cho model: 103
------------------------------------------------------------
2️⃣ Biến phân loại: 0 (P3 không dùng OHE; final_sentiment là target)
------------------------------------------------------------
✅ TỔNG CỘNG SỐ BIẾN ĐƯA VÀO MODEL: 103
============================================================


================================================================================
🧪 BƯỚC 1: CHIA DỮ LIỆU (Time-based Holdout 80/20)
================================================================================
📌 Holdout 80/20 (time-based) → Train=6132 | Test=1533
------------------------------------------------------------
📅 Tập Train: từ 2010-01-01 đến 2025-02-25 (6132 bài)
📅 Tập Test : từ 2025-02-25 đến 2026-03-18 (1533 bài)
------------------------------------------------------------
📊 Phân bố nhãn theo split:
   • Train: Negative=3741, Neutral=968, Positive=1423
   • Test : Negative=958, Neutral=242, Positive=333
⚖️  Resampling (TRAIN/CV only, leakage-safe via Pipeline): tomek_rus | RUS strategy=ratios:1.2,1.2,1.0 | class_weight disabled to avoid double-balancing
   ℹ️  Controlled RUS: target counts computed per CV fold from class prevalence

================================================================================
🏁 BƯỚC 2: BASELINE MODELS (CV on TRAIN only)
================================================================================

MODEL                              | CV_F1M   | TEST_ACC | TEST_F1M | TEST_F1W
----------------------------------------------------------------------
Logistic Regression                | 0.4713  | 0.6001  | 0.5160  | 0.6143
Random Forest                      | 0.5253  | 0.6445  | 0.5517  | 0.6554
Extra Trees                        | 0.5098  | 0.6386  | 0.5489  | 0.6490
SVM                                | 0.4685  | 0.6014  | 0.5156  | 0.6130
AdaBoost                           | 0.5102  | 0.6112  | 0.5096  | 0.6216
Gradient Boosting                  | 0.5060  | 0.6438  | 0.5527  | 0.6581
MLP (Neural Net)                   | 0.4218  | 0.4977  | 0.4380  | 0.5274
XGBoost                            | 0.5039  | 0.6080  | 0.5260  | 0.6278
LightGBM                           | 0.5035  | 0.6190  | 0.5385  | 0.6372
Voting (LGBM+RF+XGB) Soft Voting   | 0.5124  | 0.6393  | 0.5530  | 0.6543
❌ Stacking (RF+XGB+SVM -> LR): 
All the 5 fits failed.
It is very likely that your model is misconfigured.
You can try to debug the error by setting error_score='raise'.

Below are more details about the failures:
--------------------------------------------------------------------------------
5 fits failed with the following error:
Traceback (most recent call last):
  File "D:\Hit_songs_DA\.venv312\Lib\site-packages\sklearn\model_selection\_validation.py", line 833, in _fit_and_score
    estimator.fit(X_train, y_train, **fit_params)
  File "D:\Hit_songs_DA\.venv312\Lib\site-packages\sklearn\base.py", line 1336, in wrapper
    return fit_method(estimator, *args, **kwargs)
           ^^^^^^^^^^^^^^^^^^^^^^^^^^^^^^^^^^^^^^
  File "D:\Hit_songs_DA\.venv312\Lib\site-packages\imblearn\pipeline.py", line 522, in fit
    self._final_estimator.fit(Xt, yt, **last_step_params["fit"])
  File "D:\Hit_songs_DA\.venv312\Lib\site-packages\sklearn\ensemble\_stacking.py", line 706, in fit
    return super().fit(X, y_encoded, **fit_params)
           ^^^^^^^^^^^^^^^^^^^^^^^^^^^^^^^^^^^^^^^
  File "D:\Hit_songs_DA\.venv312\Lib\site-packages\sklearn\base.py", line 1336, in wrapper
    return fit_method(estimator, *args, **kwargs)
           ^^^^^^^^^^^^^^^^^^^^^^^^^^^^^^^^^^^^^^
  File "D:\Hit_songs_DA\.venv312\Lib\site-packages\sklearn\ensemble\_stacking.py", line 253, in fit
    predictions = Parallel(n_jobs=self.n_jobs)(
                  ^^^^^^^^^^^^^^^^^^^^^^^^^^^^^
  File "D:\Hit_songs_DA\.venv312\Lib\site-packages\sklearn\utils\parallel.py", line 91, in __call__
    return super().__call__(iterable_with_config_and_warning_filters)
           ^^^^^^^^^^^^^^^^^^^^^^^^^^^^^^^^^^^^^^^^^^^^^^^^^^^^^^^^^^
  File "D:\Hit_songs_DA\.venv312\Lib\site-packages\joblib\parallel.py", line 1986, in __call__
    return output if self.return_generator else list(output)
                                                ^^^^^^^^^^^^
  File "D:\Hit_songs_DA\.venv312\Lib\site-packages\joblib\parallel.py", line 1914, in _get_sequential_output
    res = func(*args, **kwargs)
          ^^^^^^^^^^^^^^^^^^^^^
  File "D:\Hit_songs_DA\.venv312\Lib\site-packages\sklearn\utils\parallel.py", line 184, in __call__
    return self.function(*args, **kwargs)
           ^^^^^^^^^^^^^^^^^^^^^^^^^^^^^^
  File "D:\Hit_songs_DA\.venv312\Lib\site-packages\sklearn\utils\_param_validation.py", line 218, in wrapper
    return func(*args, **kwargs)
           ^^^^^^^^^^^^^^^^^^^^^
  File "D:\Hit_songs_DA\.venv312\Lib\site-packages\sklearn\model_selection\_validation.py", line 1186, in cross_val_predict
    raise ValueError("cross_val_predict only works for partitions")
ValueError: cross_val_predict only works for partitions


🏆 Best Baseline (by CV F1-macro): Random Forest (CV F1-macro=0.5253 | Test F1-macro=0.5517)
✅ Đã lưu Confusion Matrix baseline tại: DA\tasks\Sentiment\p3_confusion_matrix_baseline.png

================================================================================
🧠 BƯỚC 3: OPTUNA (maximize CV F1-macro) — Random Forest
================================================================================
📋 Single model detected → Sẽ tối ưu: Random Forest
✅ Optuna params đã tồn tại → skip trials và dùng lại: DA\tasks\Sentiment\optuna_history_json\p3_random_forest_best_params.json

================================================================================
⚖️ BƯỚC 3.3: KIỂM TRA VÀ ROLLBACK NẾU CẦN
================================================================================
   • Baseline CV F1-macro (TRAIN):  0.5253
   • Optimized CV F1-macro (TRAIN): 0.5304
   • Baseline Test F1-macro (report):  0.5517
   • Optimized Test F1-macro (report): 0.5602

✅ Optuna cải thiện (CV): 0.5253 → 0.5304

================================================================================
📌 BƯỚC 4: ĐÁNH GIÁ FINAL
================================================================================
Model: Random Forest (OPTIMIZED)
Test Accuracy : 0.6464
Test F1-macro : 0.5602
Test F1-weight: 0.6577

================================================================================
💾 BƯỚC 5: LƯU ARTIFACTS
================================================================================
✅ Đã lưu CM theo từng nhãn tại: DA\tasks\Sentiment\p3_cm_per_label.png
✅ Đã lưu baseline_vs_optimized tại: DA\tasks\Sentiment\p3_baseline_vs_optimized.png
✅ Đã lưu feature names tại: DA\tasks\Sentiment\feature_names_p3.json
✅ Đã lưu biểu đồ tại: DA\tasks\Sentiment\p3_model_comparison_f1.png

💾 FILES ĐÃ LƯU:
   • Best model:         DA\models\best_model_p3.pkl
   • Legacy model alias: DA\models\sentiment_model.pkl
   • Feature names:      DA\tasks\Sentiment\feature_names_p3.json
   • Model comparison (img): DA\final_data\p3_model_comparison_results.csv
   • Model comparison (pkl): DA\final_data\model_comparison_results_p3.csv
   • Optuna params (pkl): DA\tasks\Sentiment\optuna_history_json/p3_*_best_params.json
   • Plot:               DA\tasks\Sentiment/p3_model_comparison_f1.png
