📝 Log file: DA\tasks\Hit\Hit_run_latest.log
🕒 Started: 2026-04-08T20:06:45 | Script: analysis_Hit_Prediction.py
ℹ️  OPTUNA_SCORING='f1' | Selection/Rollback: CV-on-TRAIN only (TEST is report-only)
⏳ Đang tải dữ liệu từ final_data\data_prepared_for_ML.csv...
✅ Đã tải thành công: 7665 dòng dữ liệu.

🛡️  Leakage guard: loại bỏ các cột nghi ngờ target leakage (pattern match): spotify_popularity
📊 Phân bố tập dữ liệu (GỐC - real-world prevalence): 2557 Hit và 5108 Non-hit
   Tổng: 7665 bài hát
   ⚙️  Mặc định: resampling chỉ trên TRAIN/fold (TomekLinks + RandomUnderSampler 1:1). Nếu tắt resampling: dùng cost-sensitive learning: class_weight='balanced' + scale_pos_weight.

============================================================
🔍 KIỂM TRA CHI TIẾT CÁC BIẾN ĐẦU VÀO (TASK 1 - HIT PREDICTION)
============================================================
1️⃣ Số lượng biến số (Continuous - sẽ Scale): 75
['duration_sec' 'tempo_bpm' 'rms_energy' 'spectral_centroid_mean'
 'mfcc10_mean' 'mfcc10_std' 'mfcc11_mean' 'mfcc11_std' 'mfcc12_mean'
 'mfcc12_std' 'mfcc13_mean' 'mfcc13_std' 'mfcc1_mean' 'mfcc1_std'
 'mfcc2_std' 'mfcc3_mean' 'mfcc3_std' 'mfcc4_mean' 'mfcc4_std'
 'mfcc5_mean' 'mfcc5_std' 'mfcc6_mean' 'mfcc6_std' 'mfcc7_mean'
 'mfcc7_std' 'mfcc8_mean' 'mfcc8_std' 'mfcc9_mean' 'mfcc9_std'
 'zero_crossing_rate' 'spectral_contrast_band1_mean'
 'spectral_contrast_band2_mean' 'spectral_contrast_band6_mean'
 'spectral_contrast_band7_mean' 'spectral_flatness_mean'
 'beat_strength_mean' 'onset_rate' 'chroma1_mean' 'chroma2_mean'
 'chroma3_mean' 'chroma4_mean' 'chroma5_mean' 'chroma6_mean'
 'chroma7_mean' 'chroma8_mean' 'chroma9_mean' 'chroma10_mean'
 'chroma11_mean' 'chroma12_mean' 'tonnetz1_mean' 'tonnetz2_mean'
 'tonnetz3_mean' 'tonnetz4_mean' 'tonnetz5_mean' 'tonnetz6_mean'
 'harmonic_percussive_ratio' 'lyric_total_words' 'lexical_diversity'
 'adj_count' 'lyrical_density' 'topic_prob_0' 'topic_prob_1'
 'topic_prob_2' 'topic_prob_3' 'topic_prob_4' 'topic_prob_5'
 'topic_prob_6' 'topic_prob_7' 'topic_prob_8' 'topic_prob_9'
 'topic_prob_10' 'topic_prob_11' 'topic_prob_12' 'topic_prob_13'
 'topic_prob_14']
------------------------------------------------------------
1️⃣b Số lượng biến nhị phân (0/1 - KHÔNG Scale): 24
['key_A#:maj' 'key_A#:min' 'key_A:maj' 'key_A:min' 'key_B:maj' 'key_B:min'
 'key_C#:maj' 'key_C#:min' 'key_C:maj' 'key_C:min' 'key_D#:maj'
 'key_D#:min' 'key_D:maj' 'key_D:min' 'key_E:maj' 'key_E:min' 'key_F#:maj'
 'key_F#:min' 'key_F:maj' 'key_F:min' 'key_G#:maj' 'key_G#:min'
 'key_G:maj' 'key_G:min']
------------------------------------------------------------
1️⃣c Tổng số biến số dùng cho model: 99
------------------------------------------------------------
2️⃣ Số lượng biến phân loại (Sentiment OHE): 3
   Các nhãn tìm thấy: ['neutral' 'negative' 'positive']
------------------------------------------------------------
------------------------------------------------------------
✅ TỔNG CỘNG SỐ BIẾN ĐƯA VÀO MODEL: 102
============================================================

⚖️  non_hit/hit (Train) = 2.0088
📌 Holdout 80/20 (time-based) → Train=6132 | Test=1533
   • Hit-rate Train: 0.332 | Test: 0.339
------------------------------------------------------------
📅 Tập Train: từ 2010-01-01 đến 2025-02-25 (6132 bài)
📅 Tập Test : từ 2025-02-25 đến 2026-03-18 (1533 bài)
------------------------------------------------------------
🧪 Resampling (TRAIN-only): mode=tomek_rus | TomekLinks + RUS(sampling_strategy=1.0) | Disable class_weight/scale_pos_weight to avoid double-balancing.
🧩 Feature selection: tree | selector=ExtraTrees(n_estimators=500, max_depth=None, min_samples_leaf=5, threshold=median, max_features=None)

================================================================================
📊 BƯỚC 1: CHẠY BASELINE - SO SÁNH BAN ĐẦU
================================================================================

MODEL                               | CV_F1    | TEST_AP  | TEST_ACC | HIT_P   | HIT_R   | HIT_F1 
---------------------------------------------------------------------------------------------------------
Extra Trees                         | 0.4964   | 0.4449   | 0.5701   | 0.4051 | 0.5761 | 0.4757
AdaBoost                            | 0.4817   | 0.4485   | 0.5799   | 0.4181 | 0.6146 | 0.4977
Random Forest                       | 0.4905   | 0.4490   | 0.5740   | 0.4082 | 0.5742 | 0.4772
Gradient Boosting                   | 0.4840   | 0.4240   | 0.5636   | 0.4021 | 0.5934 | 0.4794
MLP (Neural Net)                    | 0.4809   | 0.3882   | 0.5512   | 0.3844 | 0.5414 | 0.4496
XGBoost                             | 0.4903   | 0.4307   | 0.5669   | 0.4032 | 0.5819 | 0.4763
SVM                                 | 0.4895   | 0.4477   | 0.5636   | 0.4013 | 0.5877 | 0.4769
Logistic Regression                 | 0.4986   | 0.4350   | 0.5708   | 0.4101 | 0.6108 | 0.4907
LightGBM                            | 0.4883   | 0.4244   | 0.5629   | 0.3984 | 0.5703 | 0.4691

🗳️  Voting weights theo CV F1 (XGB, SVM, LR) = [0.4902523273973201, 0.48949514742534533, 0.4986321562661772] → weights=[2, 1, 3]
Voting Ensemble (XGB+SVM+LR)        | 0.5042   | 0.4574   | 0.5877   | 0.4244 | 0.6108 | 0.5008
Stacking Ensemble (XGB+SVM+LR)      | 0.5079   | 0.4593   | 0.5636   | 0.4048 | 0.6146 | 0.4881

✅ Đã lưu biểu đồ baseline tại: DA/tasks/Hit/p0_baseline_comparison.png
✅ Đã lưu Confusion Matrix tại: DA/tasks/Hit/p0_confusion_matrix_baseline.png

================================================================================
🏆 XÁC ĐỊNH BEST MODEL TỪ BASELINE
================================================================================

✨ BEST BASELINE MODEL (by CV PR-AUC): Stacking Ensemble (XGB+SVM+LR) (CV PR-AUC: 0.5079 | Test Hit_F1(report): 0.4881 | Test Acc(report): 0.5636)
📋 Ensemble model detected → Sẽ tối ưu 3 base experts: XGBoost, SVM, Logistic Regression

================================================================================
🔧 BƯỚC 2: TỐI ƯU CHỈ BEST MODEL BẰNG OPTUNA
================================================================================

======================================================================
🔧 [1/3] ĐANG TỐI ƯU: XGBoost
======================================================================
✅ Đã tồn tại params, đang load...

======================================================================
🔧 [2/3] ĐANG TỐI ƯU: SVM
======================================================================
✅ Đã tồn tại params, đang load...

======================================================================
🔧 [3/3] ĐANG TỐI ƯU: Logistic Regression
======================================================================
✅ Đã tồn tại params, đang load...

================================================================================
🎉 HOÀN TẤT TỐI ƯU HÓA BEST MODEL
================================================================================

================================================================================
🔨 BƯỚC 3: XÂY DỰNG BEST MODEL VỚI THAM SỐ TỐI ƯU
================================================================================

🔨 Đang xây dựng: XGBoost

🔨 Đang xây dựng: SVM

🔨 Đang xây dựng: Logistic Regression

🔗 Đang xây dựng Ensemble System với optimized base models...
🗳️  Optimized Voting weights theo CV PR-AUC = [0.44832065468519283, 0.425562897116308, 0.4347835196729594] → weights=[3, 1, 2]
✅ Đã xây dựng Voting và Stacking Classifier với optimized base experts

✅ Đã xây dựng 5 model(s)

================================================================================
📊 BƯỚC 4: ĐÁNH GIÁ OPTIMIZED BEST MODEL
================================================================================

MODEL                                    | CV_F1    | TEST_AP  | TEST_ACC | HIT_P   | HIT_R   | HIT_F1 
-------------------------------------------------------------------------------------------------------------------
XGBoost                                  | 0.4984   | 0.4579   | 0.5708   | 0.4115 | 0.6224 | 0.4954
SVM                                      | 0.4940   | 0.4567   | 0.5734   | 0.4074 | 0.5723 | 0.4760
Logistic Regression                      | 0.4997   | 0.4350   | 0.5714   | 0.4109 | 0.6127 | 0.4919
Voting Ensemble (XGB+SVM+LR)             | 0.5063   | 0.4593   | 0.5903   | 0.4282 | 0.6262 | 0.5086
Stacking Ensemble (XGB+SVM+LR)           | 0.5063   | 0.4586   | 0.5701   | 0.4132 | 0.6416 | 0.5026

🏆 BEST OPTIMIZED MODEL (by CV PR-AUC): Stacking Ensemble (XGB+SVM+LR) (CV PR-AUC: 0.5063 | Test Hit_F1(report): 0.5026 | Test Acc(report): 0.5701)

================================================================================
⚖️ BƯỚC 4.3: KIỂM TRA VÀ ROLLBACK NẾU CẦN
================================================================================

================================================================================
⚖️ TUNE THRESHOLD (OOF-train → apply-on-test, maximize Hit F1, tag=baseline)
================================================================================
⏳ Đang tính toán xác suất OOF trên tập Train (tag=baseline)...

🎯 Threshold (tuned on TRAIN OOF): 0.4481
🧠 Lý do chọn ngưỡng: Chọn ngưỡng theo TRAIN OOF (maximize Hit F1), áp dụng nguyên ngưỡng cho TEST

📋 Classification report (theo threshold đã chọn):
              precision    recall  f1-score   support

     Non-Hit       0.75      0.37      0.50      1014
         Hit       0.38      0.75      0.50       519

    accuracy                           0.50      1533
   macro avg       0.56      0.56      0.50      1533
weighted avg       0.62      0.50      0.50      1533

✅ Đã lưu CM tại: DA/tasks/Hit/p0_cm_threshold_baseline.png
================================================================================


================================================================================
⚖️ TUNE THRESHOLD (OOF-train → apply-on-test, maximize Hit F1, tag=optimized)
================================================================================
⏳ Đang tính toán xác suất OOF trên tập Train (tag=optimized)...

🎯 Threshold (tuned on TRAIN OOF): 0.4418
🧠 Lý do chọn ngưỡng: Chọn ngưỡng theo TRAIN OOF (maximize Hit F1), áp dụng nguyên ngưỡng cho TEST

📋 Classification report (theo threshold đã chọn):
              precision    recall  f1-score   support

     Non-Hit       0.78      0.33      0.46      1014
         Hit       0.38      0.82      0.52       519

    accuracy                           0.49      1533
   macro avg       0.58      0.57      0.49      1533
weighted avg       0.64      0.49      0.48      1533

✅ Đã lưu CM tại: DA/tasks/Hit/p0_cm_threshold_optimized.png
================================================================================


📊 So sánh Performance (threshold-aware, mục tiêu: Max Hit F1):
   • Baseline:  Stacking Ensemble (XGB+SVM+LR) | thr=0.4481 | F1=0.5045 | P=0.3797 | R=0.7514 | Acc=0.5003
   • Optimized: Stacking Ensemble (XGB+SVM+LR) | thr=0.4418 | F1=0.5222 | P=0.3837 | R=0.8170 | Acc=0.4938
   • Chênh lệch F1: +0.0176

⚠️ PHÁT HIỆN: Optimized CV PR-AUC (0.5063) < Baseline CV PR-AUC (0.5079)
✅ QUYẾT ĐỊNH: ROLLBACK về Baseline model
   → Sử dụng: Stacking Ensemble (XGB+SVM+LR) (thr=0.4481)

================================================================================


⚠️  LƯU Ý VỀ OPTUNA OPTIMIZATION:
   - Optuna tối ưu dựa trên CV (f1) trên TRAIN set
   - Quyết định rollback dựa trên CV PR-AUC (TRAIN); Test F1_max chỉ để báo cáo
   - Nếu optimized < baseline: tham số mặc định + threshold có thể generalize tốt hơn


================================================================================
📊 BƯỚC 5: VẼ BIỂU ĐỒ SO SÁNH
================================================================================

✅ Đã lưu biểu đồ baseline tại: DA/tasks/Hit/p0_baseline_comparison.png
✅ Đã lưu biểu đồ optimized tại: DA/tasks/Hit/p0_optimized_comparison.png
✅ Đã lưu biểu đồ so sánh tại: DA/tasks/Hit/p0_baseline_vs_optimized.png

================================================================================
📊 PHÂN TÍCH CHI TIẾT CHO MÔ HÌNH TỐT NHẤT: Stacking Ensemble (XGB+SVM+LR)
================================================================================
✅ Đã lưu Confusion Matrix tại: DA/tasks/Hit/p0_confusion_matrix.png

📋 Báo cáo phân loại (Threshold tuned, thr=0.4481):
              precision    recall  f1-score   support

     Non-Hit       0.75      0.37      0.50      1014
         Hit       0.38      0.75      0.50       519

    accuracy                           0.50      1533
   macro avg       0.56      0.56      0.50      1533
weighted avg       0.62      0.50      0.50      1533

🎯 MAIN (Hit=1) → F1=0.5045 | Precision=0.3797 | Recall=0.7514
✅ Đã lưu PR-Curve tại: DA/tasks/Hit/p0_precision_recall_curve.png

🔍 Tổng số features (num + OHE): 102

ℹ️ SHAP cho SVM (KernelExplainer) đã được tách ra ngoài vì rất chậm. Hãy dùng DA/SHAP_explain/run_shap_all_tasks.py để chạy SHAP khi cần.

================================================================================
💾 ĐANG LƯU MODELS VÀ KẾT QUẢ
================================================================================
✅ Đã lưu feature names tại: DA/tasks/Hit/feature_names_p0.json
✅ Đã lưu feature names tại: DA/tasks/Hit/feature_names.json
✅ Đã lưu model tại: DA/models/hit_model.pkl

✅ Đã lưu best model tại: DA/models/best_model_p0.pkl
📋 Thông tin đã lưu:
   • Model Name: Stacking Ensemble (XGB+SVM+LR)
   • Accuracy: 0.5003
   • Optimal Threshold: 0.4481
   • Threshold Improved: No (Rollback)
   • Pipeline size: 2521 characters
✅ Đã lưu kết quả so sánh tại: DA/final_data/p0_model_comparison_results.csv

📊 CẤU HÌNH PIPELINE:
   • Số features: 99 numeric + 3 categorical
   • Holdout (time-based): 6132 train / 1533 test
   • Calibration: Không

💾 FILES ĐÃ LƯU:
   • Best model:         DA/models/best_model_p0.pkl
   • Optuna params:      DA/tasks/Hit/optuna_history_json/*.json
   • Model comparison:   DA/final_data/p0_model_comparison_results.csv
   • Baseline chart:     DA/tasks/Hit/p0_baseline_comparison.png
   • Optimized chart:    DA/tasks/Hit/p0_optimized_comparison.png
   • Baseline vs Opt:    DA/tasks/Hit/p0_baseline_vs_optimized.png
   • Confusion Matrix:   DA/tasks/Hit/p0_cm_optimized.png
   • Feature Importance: DA/tasks/Hit/p0_feature_importance*.png
   • Correlation Matrix: DA/tasks/Hit/p0_prediction_correlation.png

================================================================================
✅ HOÀN TẤT PHÂN TÍCH!
================================================================================

